0 info it worked if it ends with ok
1 verbose cli [ '/home/howkj1/.nvm/versions/node/v5.12.0/bin/node',
1 verbose cli   '/home/howkj1/.nvm/versions/node/v5.12.0/bin/npm',
1 verbose cli   'run',
1 verbose cli   'go' ]
2 info using npm@3.8.6
3 info using node@v5.12.0
4 verbose run-script [ 'prego', 'go', 'postgo' ]
5 info lifecycle gitbook@~prego: gitbook@
6 silly lifecycle gitbook@~prego: no script for prego, continuing
7 info lifecycle gitbook@~go: gitbook@
8 verbose lifecycle gitbook@~go: unsafe-perm in lifecycle true
9 verbose lifecycle gitbook@~go: PATH: /home/howkj1/.nvm/versions/node/v5.12.0/lib/node_modules/npm/bin/node-gyp-bin:/home/howkj1/gitstuff/journal/node_modules/.bin:/home/howkj1/.nvm/versions/node/v5.12.0/bin:/home/howkj1/gems/bin:/home/howkj1/gems/bin:/home/howkj1/.nvm/versions/node/v5.12.0/bin:/usr/local/sbin:/usr/local/bin:/usr/sbin:/usr/bin:/sbin:/bin:/usr/games:/usr/local/games:/snap/bin
10 verbose lifecycle gitbook@~go: CWD: /home/howkj1/gitstuff/journal
11 silly lifecycle gitbook@~go: Args: [ '-c', 'npm i; npm start' ]
12 silly lifecycle gitbook@~go: Returned: code: 1  signal: null
13 info lifecycle gitbook@~go: Failed to exec go script
14 verbose stack Error: gitbook@ go: `npm i; npm start`
14 verbose stack Exit status 1
14 verbose stack     at EventEmitter.<anonymous> (/home/howkj1/.nvm/versions/node/v5.12.0/lib/node_modules/npm/lib/utils/lifecycle.js:239:16)
14 verbose stack     at emitTwo (events.js:100:13)
14 verbose stack     at EventEmitter.emit (events.js:185:7)
14 verbose stack     at ChildProcess.<anonymous> (/home/howkj1/.nvm/versions/node/v5.12.0/lib/node_modules/npm/lib/utils/spawn.js:24:14)
14 verbose stack     at emitTwo (events.js:100:13)
14 verbose stack     at ChildProcess.emit (events.js:185:7)
14 verbose stack     at maybeClose (internal/child_process.js:850:16)
14 verbose stack     at Process.ChildProcess._handle.onexit (internal/child_process.js:215:5)
15 verbose pkgid gitbook@
16 verbose cwd /home/howkj1/gitstuff/journal
17 error Linux 4.15.0-22-generic
18 error argv "/home/howkj1/.nvm/versions/node/v5.12.0/bin/node" "/home/howkj1/.nvm/versions/node/v5.12.0/bin/npm" "run" "go"
19 error node v5.12.0
20 error npm  v3.8.6
21 error code ELIFECYCLE
22 error gitbook@ go: `npm i; npm start`
22 error Exit status 1
23 error Failed at the gitbook@ go script 'npm i; npm start'.
23 error Make sure you have the latest version of node.js and npm installed.
23 error If you do, this is most likely a problem with the gitbook package,
23 error not with npm itself.
23 error Tell the author that this fails on your system:
23 error     npm i; npm start
23 error You can get information on how to open an issue for this project with:
23 error     npm bugs gitbook
23 error Or if that isn't available, you can get their info via:
23 error     npm owner ls gitbook
23 error There is likely additional logging output above.
24 verbose exit [ 1, true ]
